0 info it worked if it ends with ok
1 verbose cli [ 'C:\\Program Files\\nodejs\\node.exe',
1 verbose cli   'C:\\Program Files\\nodejs\\node_modules\\npm\\bin\\npm-cli.js',
1 verbose cli   'run',
1 verbose cli   'lint' ]
2 info using npm@3.10.8
3 info using node@v6.9.1
4 verbose run-script [ 'prelint', 'lint', 'postlint' ]
5 info lifecycle fe-sea-battle@1.0.0~prelint: fe-sea-battle@1.0.0
6 silly lifecycle fe-sea-battle@1.0.0~prelint: no script for prelint, continuing
7 info lifecycle fe-sea-battle@1.0.0~lint: fe-sea-battle@1.0.0
8 verbose lifecycle fe-sea-battle@1.0.0~lint: unsafe-perm in lifecycle true
9 verbose lifecycle fe-sea-battle@1.0.0~lint: PATH: C:\Program Files\nodejs\node_modules\npm\bin\node-gyp-bin;C:\Users\qwerty\Documents\GitHub\fe-sea-battle\node_modules\.bin;C:\ProgramData\Oracle\Java\javapath;C:\Program Files\Broadcom\Broadcom 802.11;C:\Program Files (x86)\Intel\TXE Components\TCS\;C:\Program Files\Intel\TXE Components\TCS\;C:\Windows\system32;C:\Windows;C:\Windows\System32\Wbem;C:\Windows\System32\WindowsPowerShell\v1.0\;C:\Program Files\Intel\TXE Components\DAL\;C:\Program Files (x86)\Intel\TXE Components\DAL\;C:\Program Files\Intel\TXE Components\IPT\;C:\Program Files (x86)\Intel\TXE Components\IPT\;;C:\Program Files\Microsoft SQL Server\110\DTS\Binn\;C:\Program Files (x86)\Microsoft SQL Server\110\Tools\Binn\;C:\Program Files\Microsoft SQL Server\110\Tools\Binn\;C:\Program Files (x86)\Microsoft SQL Server\110\Tools\Binn\ManagementStudio\;C:\Program Files (x86)\Microsoft Visual Studio 10.0\Common7\IDE\PrivateAssemblies\;C:\Program Files (x86)\Microsoft SQL Server\110\DTS\Binn\;C:\Program Files\nodejs\;C:\Program Files (x86)\Rational\common;C:\Program Files\Microsoft SQL Server\130\Tools\Binn\;C:\Program Files\dotnet\;C:\Program Files\Git\cmd;C:\Program Files (x86)\Skype\Phone\;C:\Users\qwerty\AppData\Roaming\npm;C:\Program Files (x86)\Microsoft VS Code\bin
10 verbose lifecycle fe-sea-battle@1.0.0~lint: CWD: C:\Users\qwerty\Documents\GitHub\fe-sea-battle
11 silly lifecycle fe-sea-battle@1.0.0~lint: Args: [ '/d /s /c', 'eslint --ext .js ./' ]
12 silly lifecycle fe-sea-battle@1.0.0~lint: Returned: code: 1  signal: null
13 info lifecycle fe-sea-battle@1.0.0~lint: Failed to exec lint script
14 verbose stack Error: fe-sea-battle@1.0.0 lint: `eslint --ext .js ./`
14 verbose stack Exit status 1
14 verbose stack     at EventEmitter.<anonymous> (C:\Program Files\nodejs\node_modules\npm\lib\utils\lifecycle.js:255:16)
14 verbose stack     at emitTwo (events.js:106:13)
14 verbose stack     at EventEmitter.emit (events.js:191:7)
14 verbose stack     at ChildProcess.<anonymous> (C:\Program Files\nodejs\node_modules\npm\lib\utils\spawn.js:40:14)
14 verbose stack     at emitTwo (events.js:106:13)
14 verbose stack     at ChildProcess.emit (events.js:191:7)
14 verbose stack     at maybeClose (internal/child_process.js:877:16)
14 verbose stack     at Process.ChildProcess._handle.onexit (internal/child_process.js:226:5)
15 verbose pkgid fe-sea-battle@1.0.0
16 verbose cwd C:\Users\qwerty\Documents\GitHub\fe-sea-battle
17 error Windows_NT 6.3.9600
18 error argv "C:\\Program Files\\nodejs\\node.exe" "C:\\Program Files\\nodejs\\node_modules\\npm\\bin\\npm-cli.js" "run" "lint"
19 error node v6.9.1
20 error npm  v3.10.8
21 error code ELIFECYCLE
22 error fe-sea-battle@1.0.0 lint: `eslint --ext .js ./`
22 error Exit status 1
23 error Failed at the fe-sea-battle@1.0.0 lint script 'eslint --ext .js ./'.
23 error Make sure you have the latest version of node.js and npm installed.
23 error If you do, this is most likely a problem with the fe-sea-battle package,
23 error not with npm itself.
23 error Tell the author that this fails on your system:
23 error     eslint --ext .js ./
23 error You can get information on how to open an issue for this project with:
23 error     npm bugs fe-sea-battle
23 error Or if that isn't available, you can get their info via:
23 error     npm owner ls fe-sea-battle
23 error There is likely additional logging output above.
24 verbose exit [ 1, true ]
